Setting _INKSCAPE_GC=disable as a workaround for broken libgc
/tmp/.mount_inkscaXuAuKG/lib/x86_64-linux-gnu/libc.so.6: version `GLIBC_2.33' not found (required by /usr/lib/x86_64-linux-gnu/gio/modules/libgvfsdbus.so)
Failed to load module: /usr/lib/x86_64-linux-gnu/gio/modules/libgvfsdbus.so
Gtk-Message: 17:19:22.077: Failed to load module "canberra-gtk-module"
Gtk-Message: 17:19:22.082: Failed to load module "canberra-gtk-module"

(org.inkscape.Inkscape:410978): Gtk-CRITICAL **: 17:19:23.838: gtk_box_gadget_distribute: assertion 'size >= 0' failed in gtkmm__GtkNotebook

(org.inkscape.Inkscape:410978): Gtk-CRITICAL **: 17:19:23.838: gtk_box_gadget_distribute: assertion 'size >= 0' failed in gtkmm__GtkNotebook
/tmp/.mount_inkscaXuAuKG/lib/x86_64-linux-gnu/libc.so.6: version `GLIBC_2.33' not found (required by /usr/lib/x86_64-linux-gnu/gvfs/libgvfscommon.so)
Failed to load module: /usr/lib/x86_64-linux-gnu/gio/modules/libgioremote-volume-monitor.so
/tmp/.mount_inkscaXuAuKG/lib/x86_64-linux-gnu/libc.so.6: version `GLIBC_2.33' not found (required by /usr/lib/x86_64-linux-gnu/gio/modules/libgvfsdbus.so)
Failed to load module: /usr/lib/x86_64-linux-gnu/gio/modules/libgvfsdbus.so
/tmp/.mount_inkscaXuAuKG/lib/x86_64-linux-gnu/libc.so.6: version `GLIBC_2.33' not found (required by /usr/lib/x86_64-linux-gnu/gvfs/libgvfscommon.so)
Failed to load module: /usr/lib/x86_64-linux-gnu/gio/modules/libgioremote-volume-monitor.so
Setting _INKSCAPE_GC=disable as a workaround for broken libgc
/tmp/.mount_inkscaYEBXSe/lib/x86_64-linux-gnu/libc.so.6: version `GLIBC_2.33' not found (required by /usr/lib/x86_64-linux-gnu/gio/modules/libgvfsdbus.so)
Failed to load module: /usr/lib/x86_64-linux-gnu/gio/modules/libgvfsdbus.so
Gtk-Message: 17:43:07.566: Failed to load module "canberra-gtk-module"
Gtk-Message: 17:43:07.569: Failed to load module "canberra-gtk-module"

(org.inkscape.Inkscape:413205): Gtk-CRITICAL **: 17:43:09.189: gtk_box_gadget_distribute: assertion 'size >= 0' failed in gtkmm__GtkNotebook

(org.inkscape.Inkscape:413205): Gtk-CRITICAL **: 17:43:09.189: gtk_box_gadget_distribute: assertion 'size >= 0' failed in gtkmm__GtkNotebook
/tmp/.mount_inkscaYEBXSe/lib/x86_64-linux-gnu/libc.so.6: version `GLIBC_2.33' not found (required by /usr/lib/x86_64-linux-gnu/gvfs/libgvfscommon.so)
Failed to load module: /usr/lib/x86_64-linux-gnu/gio/modules/libgioremote-volume-monitor.so
/tmp/.mount_inkscaYEBXSe/lib/x86_64-linux-gnu/libc.so.6: version `GLIBC_2.33' not found (required by /usr/lib/x86_64-linux-gnu/gio/modules/libgvfsdbus.so)
Failed to load module: /usr/lib/x86_64-linux-gnu/gio/modules/libgvfsdbus.so
/tmp/.mount_inkscaYEBXSe/lib/x86_64-linux-gnu/libc.so.6: version `GLIBC_2.33' not found (required by /usr/lib/x86_64-linux-gnu/gvfs/libgvfscommon.so)
Failed to load module: /usr/lib/x86_64-linux-gnu/gio/modules/libgioremote-volume-monitor.so
Warning: limit of 200 snap target paths reached, some will be ignored
Warning: limit of 200 snap target paths reached, some will be ignored
Warning: limit of 200 snap target paths reached, some will be ignored
Warning: limit of 200 snap target paths reached, some will be ignored
Warning: limit of 200 snap target paths reached, some will be ignored
Warning: limit of 200 snap target paths reached, some will be ignored
Warning: limit of 200 snap target paths reached, some will be ignored
Warning: limit of 200 snap target paths reached, some will be ignored
Warning: limit of 200 snap target paths reached, some will be ignored
Warning: limit of 200 snap target paths reached, some will be ignored
/tmp/.mount_inkscaYEBXSe/lib/x86_64-linux-gnu/libc.so.6: version `GLIBC_2.33' not found (required by /usr/lib/x86_64-linux-gnu/gio/modules/libgvfsdbus.so)
Failed to load module: /usr/lib/x86_64-linux-gnu/gio/modules/libgvfsdbus.so
/tmp/.mount_inkscaYEBXSe/lib/x86_64-linux-gnu/libc.so.6: version `GLIBC_2.33' not found (required by /usr/lib/x86_64-linux-gnu/gvfs/libgvfscommon.so)
Failed to load module: /usr/lib/x86_64-linux-gnu/gio/modules/libgioremote-volume-monitor.so
/tmp/.mount_inkscaYEBXSe/lib/x86_64-linux-gnu/libc.so.6: version `GLIBC_2.33' not found (required by /usr/lib/x86_64-linux-gnu/gio/modules/libgvfsdbus.so)
Failed to load module: /usr/lib/x86_64-linux-gnu/gio/modules/libgvfsdbus.so
/tmp/.mount_inkscaYEBXSe/lib/x86_64-linux-gnu/libc.so.6: version `GLIBC_2.33' not found (required by /usr/lib/x86_64-linux-gnu/gvfs/libgvfscommon.so)
Failed to load module: /usr/lib/x86_64-linux-gnu/gio/modules/libgioremote-volume-monitor.so
